2025-07-11 16:09:22 - api_ecosystem - INFO - 开始生成雷达图指标数据
2025-07-11 16:09:22 - api_ecosystem - INFO - API数据SQL文件: programmableweb_2022.sql
2025-07-11 16:09:22 - api_ecosystem - INFO - 数据集SQL文件: programmableweb_dataset.sql
2025-07-11 16:09:22 - api_ecosystem - INFO - 输出目录: data/processed
2025-07-11 16:09:22 - api_ecosystem - INFO - 要生成指标的年份: [2006, 2010, 2015, 2020]
2025-07-11 16:09:22 - api_ecosystem - INFO - 要生成指标的方法: ['Original', 'Cluster', 'GT', 'HSS', 'PLA', 'Ours']
2025-07-11 16:09:22 - api_ecosystem - INFO - 开始从SQL文件加载数据: programmableweb_2022.sql, programmableweb_dataset.sql
2025-07-11 16:09:22 - api_ecosystem - INFO - 开始提取API数据: programmableweb_2022.sql
2025-07-11 16:09:24 - api_ecosystem - INFO - API数据提取完成，共提取22649个API
2025-07-11 16:09:24 - api_ecosystem - INFO - 开始提取关系数据: programmableweb_dataset.sql
2025-07-11 16:09:24 - api_ecosystem - INFO - 开始计算API之间的相似性关系
2025-07-11 16:10:29 - api_ecosystem - INFO - 相似性关系计算完成，共计算3377691个相似性关系
2025-07-11 16:10:29 - api_ecosystem - INFO - 关系数据提取完成，共提取0个调用关系，3377691个相似性关系
2025-07-11 16:10:29 - api_ecosystem - INFO - 数据加载成功，共加载22649个API和0个调用关系
2025-07-11 16:10:29 - api_ecosystem - INFO - 开始计算2006年的多维情景向量指标
2025-07-11 16:10:29 - api_ecosystem - WARNING - 2006年之前没有API数据，将使用模拟数据
2025-07-11 16:10:29 - api_ecosystem - INFO - 开始计算2010年的多维情景向量指标
2025-07-11 16:10:29 - api_ecosystem - WARNING - 2010年之前没有API数据，将使用模拟数据
2025-07-11 16:10:29 - api_ecosystem - INFO - 开始计算2015年的多维情景向量指标
2025-07-11 16:10:29 - api_ecosystem - WARNING - 2015年之前没有API数据，将使用模拟数据
2025-07-11 16:10:29 - api_ecosystem - INFO - 开始计算2020年的多维情景向量指标
2025-07-11 16:10:29 - api_ecosystem - WARNING - 2020年之前没有API数据，将使用模拟数据
2025-07-11 16:10:29 - api_ecosystem - INFO - 雷达图数据已保存到: data/processed\radar_data.json
2025-07-11 16:10:29 - api_ecosystem - INFO - 雷达图指标生成完成
