2025-07-06 17:47:00,129 - visualization - INFO - === 开始生成雷达图可视化 ===
2025-07-06 17:47:00,129 - visualization - INFO - 运行命令: python main.py --mode radar_vis --use_image_data --report --radar_title "API服务生态系统多维情景向量对比" --output_dir output/all_visualizations_20250706_174700\radar_vis
2025-07-06 17:47:00,129 - visualization - INFO - 开始执行: 雷达图可视化
2025-07-06 17:47:05,618 - visualization - INFO - 雷达图可视化 执行成功
2025-07-06 17:47:05,618 - visualization - INFO - === 开始生成网络可视化 ===
2025-07-06 17:47:05,618 - visualization - INFO - 运行命令: python main.py --mode network_vis --output_dir output/all_visualizations_20250706_174700\network_vis --report --network_years "2006,2010,2015,2020" --network_title "API协作网络结构分析"
2025-07-06 17:47:05,620 - visualization - INFO - 开始执行: 网络可视化
2025-07-06 17:47:08,571 - visualization - INFO - 网络可视化 执行成功
2025-07-06 17:47:08,571 - visualization - INFO - === 开始生成情景可视化 ===
2025-07-06 17:47:08,571 - visualization - INFO - 运行命令: python main.py --mode visualize --output_dir output/all_visualizations_20250706_174700\scenario_vis --generate_report --vis_title "API服务生态系统情景分析"
2025-07-06 17:47:08,572 - visualization - INFO - 开始执行: 情景可视化
2025-07-06 17:47:11,662 - visualization - INFO - 情景可视化 执行成功
2025-07-06 17:47:11,662 - visualization - INFO - === 开始生成综合可视化 ===
2025-07-06 17:47:11,662 - visualization - INFO - 运行命令: python main.py --mode visualization --output_dir output/all_visualizations_20250706_174700\visualization
2025-07-06 17:47:11,663 - visualization - INFO - 开始执行: 综合可视化
2025-07-06 17:47:14,672 - visualization - INFO - 综合可视化 执行成功
2025-07-06 17:47:14,672 - visualization - INFO - === 打开所有HTML文件 ===
2025-07-06 17:47:14,673 - visualization - INFO - === 生成索引HTML文件 ===
2025-07-06 17:47:15,132 - visualization - INFO - 所有可视化已完成，索引页面：output/all_visualizations_20250706_174700\index.html
2025-07-06 17:47:15,133 - visualization - INFO - 所有可视化文件保存在：output/all_visualizations_20250706_174700
