2025-07-06 17:38:46,973 - visualization - INFO - === 开始生成雷达图可视化 ===
2025-07-06 17:38:46,973 - visualization - INFO - 执行雷达图可视化：python main.py --mode radar_vis --use_image_data --report --radar_title "API服务生态系统多维情景向量对比" --output_dir output/all_visualizations_20250706_173846\radar_vis
2025-07-06 17:38:52,942 - visualization - INFO - HTML报告已生成: output/all_visualizations_20250706_173846\radar_vis\radar_analysis_report.html
2025-07-06 17:38:53,480 - visualization - ERROR - 2025-07-06 17:38:49,843 - __main__ - INFO - 启动雷达图可视化模式
2025-07-06 17:38:49,843 - __main__ - INFO - 生成雷达图数据: output/all_visualizations_20250706_173846\radar_vis\radar_data.json
2025-07-06 17:38:49,845 - __main__ - INFO - 绘制雷达图: API服务生态系统多维情景向量对比
2025-07-06 17:38:52,060 - __main__ - INFO - 雷达图已生成: output/all_visualizations_20250706_173846\radar_vis\radar_visualization.png
2025-07-06 17:38:52,068 - __main__ - INFO - HTML报告已生成: output/all_visualizations_20250706_173846\radar_vis\radar_analysis_report.html
2025-07-06 17:38:52,069 - __main__ - INFO - 尝试打开生成的文件...
2025-07-06 17:38:52,941 - __main__ - INFO - 文件已打开
2025-07-06 17:38:52,941 - __main__ - INFO - 雷达图可视化模式完成

2025-07-06 17:38:53,483 - visualization - INFO - 雷达图可视化执行成功
2025-07-06 17:38:53,485 - visualization - INFO - === 开始生成网络可视化 ===
2025-07-06 17:38:53,486 - visualization - INFO - 执行网络可视化：python main.py --mode network_vis --output_dir output/all_visualizations_20250706_173846\network_vis --report
2025-07-06 17:38:57,540 - visualization - ERROR - 2025-07-06 17:38:57,172 - __main__ - INFO - 启动网络可视化模式
2025-07-06 17:38:57,173 - __main__ - INFO - 生成网络数据: output/all_visualizations_20250706_173846\network_vis\network_data.json
2025-07-06 17:38:57,173 - __main__ - ERROR - 网络可视化失败: 'Namespace' object has no attribute 'network_years'
2025-07-06 17:38:57,176 - __main__ - ERROR - Traceback (most recent call last):
  File "E:\接单总\微信\看一下\挥剑斩情丝-看学习\api_ecosystem_simulation\main.py", line 909, in network_vis_mode
    years=args.network_years,
          ^^^^^^^^^^^^^^^^^^
AttributeError: 'Namespace' object has no attribute 'network_years'

2025-07-06 17:38:57,176 - __main__ - INFO - 网络可视化模式完成

2025-07-06 17:38:57,541 - visualization - INFO - 网络可视化执行成功
2025-07-06 17:38:57,541 - visualization - INFO - === 开始生成情景可视化 ===
2025-07-06 17:38:57,541 - visualization - INFO - 执行情景可视化：python main.py --mode visualize --output_dir output/all_visualizations_20250706_173846\scenario_vis --generate_report
2025-07-06 17:39:00,618 - visualization - ERROR - 2025-07-06 17:39:00,322 - __main__ - INFO - 启动可视化模式
2025-07-06 17:39:00,324 - __main__ - INFO - 生成历史数据: E:\接单总\微信\看一下\挥剑斩情丝-看学习\api_ecosystem_simulation\data\processed\historical_data.json
2025-07-06 17:39:00,330 - __main__ - INFO - 绘制环境边界图表: output/all_visualizations_20250706_173846\scenario_vis\environment_boundaries.png
2025-07-06 17:39:00,330 - __main__ - ERROR - 可视化失败: 'Namespace' object has no attribute 'vis_title'
2025-07-06 17:39:00,332 - __main__ - ERROR - Traceback (most recent call last):
  File "E:\接单总\微信\看一下\挥剑斩情丝-看学习\api_ecosystem_simulation\main.py", line 763, in visualize_mode
    title=args.vis_title,
          ^^^^^^^^^^^^^^
AttributeError: 'Namespace' object has no attribute 'vis_title'

2025-07-06 17:39:00,332 - __main__ - INFO - 可视化模式完成

2025-07-06 17:39:00,620 - visualization - INFO - 情景可视化执行成功
2025-07-06 17:39:00,620 - visualization - INFO - === 开始生成综合可视化 ===
2025-07-06 17:39:00,620 - visualization - INFO - 执行综合可视化：python main.py --mode visualization --output_dir output/all_visualizations_20250706_173846\visualization
2025-07-06 17:39:03,644 - visualization - ERROR - 2025-07-06 17:39:03,350 - __main__ - INFO - 开始运行可视化模式
2025-07-06 17:39:03,350 - __main__ - INFO - 可视化模式完成

2025-07-06 17:39:03,644 - visualization - INFO - 综合可视化执行成功
2025-07-06 17:39:03,645 - visualization - INFO - === 打开所有HTML文件 ===
2025-07-06 17:39:03,645 - visualization - INFO - 打开文件：output/all_visualizations_20250706_173846\radar_vis\radar_analysis_report.html
2025-07-06 17:39:04,239 - visualization - INFO - 文件已打开：output/all_visualizations_20250706_173846\radar_vis\radar_analysis_report.html
2025-07-06 17:39:05,240 - visualization - INFO - === 生成索引HTML文件 ===
2025-07-06 17:39:05,242 - visualization - INFO - 打开文件：output/all_visualizations_20250706_173846\index.html
2025-07-06 17:39:05,622 - visualization - INFO - 文件已打开：output/all_visualizations_20250706_173846\index.html
2025-07-06 17:39:05,622 - visualization - INFO - 所有可视化已完成，索引页面：output/all_visualizations_20250706_173846\index.html
2025-07-06 17:39:05,623 - visualization - INFO - 所有可视化文件保存在：output/all_visualizations_20250706_173846
